--------------------------------------------------------------------------------------------------------------------------------------------
   № | Идентификатор | Тип данных | Тип идентификатора | Индекс в ТЛ | Значение    
--------------------------------------------------------------------------------------------------------------------------------------------
   0 | afunc         | numeral    | функция            | 2           | -
   1 | afunca        | numeral    | параметр           | 5           | -
   2 | afuncb        | numeral    | параметр           | 8           | -
   3 | afuncc        | numeral    | переменная         | 13          | 0                 
   4 | +             | unknown    | оператор           | 19          | -
   5 | *             | unknown    | оператор           | 22          | -
   6 | L0            | numeral    | литерал            | 23          | 3                 
   7 | bfunc         | numeral    | функция            | 31          | -
   8 | bfuncd        | row        | параметр           | 34          | -
   9 | bfunce        | numeral    | переменная         | 39          | 0                 
  10 | len           | numeral    | функция            | 43          | -
  11 | cfunc         | numeral    | функция            | 54          | -
  12 | cfuncx        | numeral    | параметр           | 57          | -
  13 | cfuncy        | numeral    | параметр           | 60          | -
  14 | cfuncz        | numeral    | переменная         | 65          | 0                 
  15 | pows          | numeral    | функция            | 69          | -
  16 | maine         | numeral    | переменная         | 84          | 0                 
  17 | mainf         | numeral    | переменная         | 88          | 0                 
  18 | maing         | numeral    | переменная         | 92          | 0                 
  19 | mainresul     | row        | переменная         | 96          | [0]""
  20 | *             | unknown    | оператор           | 101         | -
  21 | L1            | numeral    | литерал            | 103         | 2                 
  22 | +             | unknown    | оператор           | 104         | -
  23 | L2            | numeral    | литерал            | 105         | 17                
  24 | L3            | numeral    | литерал            | 110         | 88                
  25 | -             | unknown    | оператор           | 120         | -
  26 | L4            | numeral    | литерал            | 121         | 7                 
  27 | L5            | row        | литерал            | 130         | [24]""Its my course project.""
  28 | L6            | numeral    | литерал            | 150         | 6                 
  29 | L7            | row        | литерал            | 160         | [14]""Hello World!""
---------------------------------------------------------------------------------------
Количество идентификаторов: 25
---------------------------------------------------------------------------------------


1: tfi(ti,ti)
2: {
3: vti;
4: i=(iai)ax;
5: ri;
6: }
8: tfi(ti)
9: {
10: vti;
11: i=n(i);
12: ri;
13: }
15: tfi(ti,ti)
16: {
17: vti;
18: i=p(i,i);
19: ri;
20: }
22: m
23: {
24: vti;
25: vti;
26: vti;
27: vti;
28: i=xa(xax);
29: i=x;
30: i=i(i,i)ax;
31: o(i);
32: i=y;
33: i=i(i);
34: o(i);
35: i=i(x,x);
36: o(i);
37: o(y);
38: }
Количество лексем - 164
